<?xml version="1.0" encoding="UTF-8"?>
<testng-results ignored="0" total="1" passed="1" failed="0" skipped="0">
  <reporter-output>
  </reporter-output>
  <suite started-at="2024-02-01T06:36:04 IST" name="Default suite" finished-at="2024-02-01T06:36:12 IST" duration-ms="7985">
    <groups>
    </groups>
    <test started-at="2024-02-01T06:36:04 IST" name="Default test" finished-at="2024-02-01T06:36:12 IST" duration-ms="7985">
      <class name="mavenWithtestNG.MouseHover">
        <test-method signature="dragAndDrop()[pri:0, instance:mavenWithtestNG.MouseHover@5ae50ce6]" started-at="2024-02-01T06:36:04 IST" name="dragAndDrop" finished-at="2024-02-01T06:36:12 IST" duration-ms="7906" status="PASS">
          <reporter-output>
          </reporter-output>
        </test-method> <!-- dragAndDrop -->
      </class> <!-- mavenWithtestNG.MouseHover -->
    </test> <!-- Default test -->
  </suite> <!-- Default suite -->
</testng-results>
